<?xml version="1.0" encoding="UTF-8"?>
<!-- Generated by org.testng.reporters.JUnitReportReporter -->
<testsuite hostname="Admin" failures="1" tests="15" name="automation.testsuite.ThietBiNhaBep" time="401.134" errors="1" timestamp="2024-09-23T22:52:22 ICT" skipped="0">
  <testcase classname="automation.testsuite.ThietBiNhaBep" name="ClickSanpham" time="14.351">
    <error message="Element &lt;h4 class=&quot;mb-[2px] md:mb-[6px] text-xs font-bold text-center title-card md:text-sm text-grey-800 line-clamp-2 overflow-y-hidden h-[32px] md:h-[42px]&quot;&gt; is not clickable at point (436,622) because another element &lt;span class=&quot;text-[16px] font-normal pr-3&quot;&gt; obscures it
Build info: version: &#039;4.11.0&#039;, revision: &#039;040bc5406b&#039;
System info: os.name: &#039;Windows 10&#039;, os.arch: &#039;amd64&#039;, os.version: &#039;10.0&#039;, java.version: &#039;22.0.1&#039;
Driver info: org.openqa.selenium.firefox.FirefoxDriver
Command: [b25f8a93-2864-4399-a97d-e2fed8626703, clickElement {id=b302bfe6-612a-4fb2-9ef4-cb6ee2d41d6f}]
Capabilities {acceptInsecureCerts: true, browserName: firefox, browserVersion: 129.0.2, moz:accessibilityChecks: false, moz:buildID: 20240819150008, moz:geckodriverVersion: 0.35.0, moz:headless: false, moz:platformVersion: 10.0, moz:processID: 9524, moz:profile: C:\Users\Admin\AppData\Loca..., moz:shutdownTimeout: 60000, moz:webdriverClick: true, moz:windowless: false, pageLoadStrategy: normal, platformName: windows, proxy: Proxy(), setWindowRect: true, strictFileInteractability: false, timeouts: {implicit: 0, pageLoad: 300000, script: 30000}, unhandledPromptBehavior: dismiss and notify, userAgent: Mozilla/5.0 (Windows NT 10....}
Element: [[FirefoxDriver: firefox on windows (b25f8a93-2864-4399-a97d-e2fed8626703)] -&gt; xpath: //h4[text()=&#039;BỘ NỒI TỪ KAINER KA-304S&#039;]]
Session ID: b25f8a93-2864-4399-a97d-e2fed8626703" type="org.openqa.selenium.ElementClickInterceptedException">
      <![CDATA[org.openqa.selenium.ElementClickInterceptedException: Element <h4 class="mb-[2px] md:mb-[6px] text-xs font-bold text-center title-card md:text-sm text-grey-800 line-clamp-2 overflow-y-hidden h-[32px] md:h-[42px]"> is not clickable at point (436,622) because another element <span class="text-[16px] font-normal pr-3"> obscures it
Build info: version: '4.11.0', revision: '040bc5406b'
System info: os.name: 'Windows 10', os.arch: 'amd64', os.version: '10.0', java.version: '22.0.1'
Driver info: org.openqa.selenium.firefox.FirefoxDriver
Command: [b25f8a93-2864-4399-a97d-e2fed8626703, clickElement {id=b302bfe6-612a-4fb2-9ef4-cb6ee2d41d6f}]
Capabilities {acceptInsecureCerts: true, browserName: firefox, browserVersion: 129.0.2, moz:accessibilityChecks: false, moz:buildID: 20240819150008, moz:geckodriverVersion: 0.35.0, moz:headless: false, moz:platformVersion: 10.0, moz:processID: 9524, moz:profile: C:\Users\Admin\AppData\Loca..., moz:shutdownTimeout: 60000, moz:webdriverClick: true, moz:windowless: false, pageLoadStrategy: normal, platformName: windows, proxy: Proxy(), setWindowRect: true, strictFileInteractability: false, timeouts: {implicit: 0, pageLoad: 300000, script: 30000}, unhandledPromptBehavior: dismiss and notify, userAgent: Mozilla/5.0 (Windows NT 10....}
Element: [[FirefoxDriver: firefox on windows (b25f8a93-2864-4399-a97d-e2fed8626703)] -> xpath: //h4[text()='BỘ NỒI TỪ KAINER KA-304S']]
Session ID: b25f8a93-2864-4399-a97d-e2fed8626703
at java.base/jdk.internal.reflect.DirectConstructorHandleAccessor.newInstance(DirectConstructorHandleAccessor.java:62)
at java.base/java.lang.reflect.Constructor.newInstanceWithCaller(Constructor.java:502)
at java.base/java.lang.reflect.Constructor.newInstance(Constructor.java:486)
at org.openqa.selenium.remote.codec.w3c.W3CHttpResponseCodec.createException(W3CHttpResponseCodec.java:200)
at org.openqa.selenium.remote.codec.w3c.W3CHttpResponseCodec.decode(W3CHttpResponseCodec.java:133)
at org.openqa.selenium.remote.codec.w3c.W3CHttpResponseCodec.decode(W3CHttpResponseCodec.java:52)
at org.openqa.selenium.remote.HttpCommandExecutor.execute(HttpCommandExecutor.java:191)
at org.openqa.selenium.remote.service.DriverCommandExecutor.invokeExecute(DriverCommandExecutor.java:196)
at org.openqa.selenium.remote.service.DriverCommandExecutor.execute(DriverCommandExecutor.java:171)
at org.openqa.selenium.remote.RemoteWebDriver.execute(RemoteWebDriver.java:518)
at org.openqa.selenium.remote.RemoteWebElement.execute(RemoteWebElement.java:224)
at org.openqa.selenium.remote.RemoteWebElement.click(RemoteWebElement.java:77)
at automation.common.CommonBase.click(CommonBase.java:118)
at automation.testsuite.ThietBiNhaBep.ClickSanpham(ThietBiNhaBep.java:262)
at java.base/jdk.internal.reflect.DirectMethodHandleAccessor.invoke(DirectMethodHandleAccessor.java:103)
at java.base/java.lang.reflect.Method.invoke(Method.java:580)
at org.testng.internal.MethodInvocationHelper.invokeMethod(MethodInvocationHelper.java:133)
at org.testng.internal.TestInvoker.invokeMethod(TestInvoker.java:598)
at org.testng.internal.TestInvoker.invokeTestMethod(TestInvoker.java:173)
at org.testng.internal.MethodRunner.runInSequence(MethodRunner.java:46)
at org.testng.internal.TestInvoker$MethodInvocationAgent.invoke(TestInvoker.java:824)
at org.testng.internal.TestInvoker.invokeTestMethods(TestInvoker.java:146)
at org.testng.internal.TestMethodWorker.invokeTestMethods(TestMethodWorker.java:146)
at org.testng.internal.TestMethodWorker.run(TestMethodWorker.java:128)
at java.base/java.util.ArrayList.forEach(ArrayList.java:1597)
at org.testng.TestRunner.privateRun(TestRunner.java:794)
at org.testng.TestRunner.run(TestRunner.java:596)
at org.testng.SuiteRunner.runTest(SuiteRunner.java:377)
at org.testng.SuiteRunner.runSequentially(SuiteRunner.java:371)
at org.testng.SuiteRunner.privateRun(SuiteRunner.java:332)
at org.testng.SuiteRunner.run(SuiteRunner.java:276)
at org.testng.SuiteRunnerWorker.runSuite(SuiteRunnerWorker.java:53)
at org.testng.SuiteRunnerWorker.run(SuiteRunnerWorker.java:96)
at org.testng.TestNG.runSuitesSequentially(TestNG.java:1212)
at org.testng.TestNG.runSuitesLocally(TestNG.java:1134)
at org.testng.TestNG.runSuites(TestNG.java:1063)
at org.testng.TestNG.run(TestNG.java:1031)
at org.testng.remote.AbstractRemoteTestNG.run(AbstractRemoteTestNG.java:115)
at org.testng.remote.RemoteTestNG.initAndRun(RemoteTestNG.java:293)
at org.testng.remote.RemoteTestNG.main(RemoteTestNG.java:91)
]]>
    </error>
  </testcase> <!-- ClickSanpham -->
  <system-out/>
  <testcase classname="automation.testsuite.ThietBiNhaBep" name="LoctheoDanhmuc" time="15.008"/>
  <system-out/>
  <testcase classname="automation.testsuite.ThietBiNhaBep" name="LoctheoHangSX" time="17.370"/>
  <system-out/>
  <testcase classname="automation.testsuite.ThietBiNhaBep" name="loctheoMucgia" time="77.495"/>
  <system-out/>
  <testcase classname="automation.testsuite.ThietBiNhaBep" name="LoctheoXuatXu" time="18.448"/>
  <system-out/>
  <testcase classname="automation.testsuite.ThietBiNhaBep" name="Loctheochatlieu" time="16.870"/>
  <system-out/>
  <testcase classname="automation.testsuite.ThietBiNhaBep" name="loctheoTGBaoHanh" time="16.758"/>
  <system-out/>
  <testcase classname="automation.testsuite.ThietBiNhaBep" name="LoctheoXuatXuVaBaoHanh" time="16.818"/>
  <system-out/>
  <testcase classname="automation.testsuite.ThietBiNhaBep" name="LoctheoXuatXuVaChatLieu" time="18.149"/>
  <system-out/>
  <testcase classname="automation.testsuite.ThietBiNhaBep" name="LoctheoChatLieuVaBaoHanh" time="16.821"/>
  <system-out/>
  <testcase classname="automation.testsuite.ThietBiNhaBep" name="DanhSachPhoBien" time="52.646"/>
  <system-out/>
  <testcase classname="automation.testsuite.ThietBiNhaBep" name="danhSachGiamGiaNhieu" time="18.013">
    <failure message="Danh sách hàng hóa không được sắp xếp theo giảm nhiều (tăng dần) . expected [true] but found [false]" type="java.lang.AssertionError">
      <![CDATA[java.lang.AssertionError: Danh sách hàng hóa không được sắp xếp theo giảm nhiều (tăng dần) . expected [true] but found [false]
at org.testng.Assert.fail(Assert.java:99)
at org.testng.Assert.failNotEquals(Assert.java:1037)
at org.testng.Assert.assertTrue(Assert.java:45)
at automation.testsuite.ThietBiNhaBep.danhSachGiamGiaNhieu(ThietBiNhaBep.java:162)
at java.base/jdk.internal.reflect.DirectMethodHandleAccessor.invoke(DirectMethodHandleAccessor.java:103)
at java.base/java.lang.reflect.Method.invoke(Method.java:580)
at org.testng.internal.MethodInvocationHelper.invokeMethod(MethodInvocationHelper.java:133)
at org.testng.internal.TestInvoker.invokeMethod(TestInvoker.java:598)
at org.testng.internal.TestInvoker.invokeTestMethod(TestInvoker.java:173)
at org.testng.internal.MethodRunner.runInSequence(MethodRunner.java:46)
at org.testng.internal.TestInvoker$MethodInvocationAgent.invoke(TestInvoker.java:824)
at org.testng.internal.TestInvoker.invokeTestMethods(TestInvoker.java:146)
at org.testng.internal.TestMethodWorker.invokeTestMethods(TestMethodWorker.java:146)
at org.testng.internal.TestMethodWorker.run(TestMethodWorker.java:128)
at java.base/java.util.ArrayList.forEach(ArrayList.java:1597)
at org.testng.TestRunner.privateRun(TestRunner.java:794)
at org.testng.TestRunner.run(TestRunner.java:596)
at org.testng.SuiteRunner.runTest(SuiteRunner.java:377)
at org.testng.SuiteRunner.runSequentially(SuiteRunner.java:371)
at org.testng.SuiteRunner.privateRun(SuiteRunner.java:332)
at org.testng.SuiteRunner.run(SuiteRunner.java:276)
at org.testng.SuiteRunnerWorker.runSuite(SuiteRunnerWorker.java:53)
at org.testng.SuiteRunnerWorker.run(SuiteRunnerWorker.java:96)
at org.testng.TestNG.runSuitesSequentially(TestNG.java:1212)
at org.testng.TestNG.runSuitesLocally(TestNG.java:1134)
at org.testng.TestNG.runSuites(TestNG.java:1063)
at org.testng.TestNG.run(TestNG.java:1031)
at org.testng.remote.AbstractRemoteTestNG.run(AbstractRemoteTestNG.java:115)
at org.testng.remote.RemoteTestNG.initAndRun(RemoteTestNG.java:293)
at org.testng.remote.RemoteTestNG.main(RemoteTestNG.java:91)
]]>
    </failure>
  </testcase> <!-- danhSachGiamGiaNhieu -->
  <system-out/>
  <testcase classname="automation.testsuite.ThietBiNhaBep" name="DanhSachGiaThap" time="33.345"/>
  <system-out/>
  <testcase classname="automation.testsuite.ThietBiNhaBep" name="DanhSachGiaCao" time="51.630"/>
  <system-out/>
  <testcase classname="automation.testsuite.ThietBiNhaBep" name="CheckBtnXemThem" time="17.412"/>
  <system-out/>
</testsuite> <!-- automation.testsuite.ThietBiNhaBep -->
